# JRE version: OpenJDK Runtime Environment Corretto-11.0.22.7.1 (11.0.22+7) (build 11.0.22+7-LTS)
# Java VM: OpenJDK 64-Bit Server VM Corretto-11.0.22.7.1 (11.0.22+7-LTS, mixed mode, tiered, compressed oops, g1 gc, windows-amd64)
Heap:
 garbage-first heap   total 260096K, used 72495K [0x0000000705c00000, 0x0000000800000000)
  region size 1024K, 2 young (2048K), 0 survivors (0K)
 Metaspace       used 34590K, capacity 35099K, committed 35328K, reserved 1081344K
  class space    used 3499K, capacity 3744K, committed 3840K, reserved 1048576K
GC Heap History (10 events):
Event: 0.422 GC heap before
{Heap before GC invocations=0 (full 0):
 garbage-first heap   total 258048K, used 23552K [0x0000000705c00000, 0x0000000800000000)
  region size 1024K, 24 young (24576K), 0 survivors (0K)
 Metaspace       used 12893K, capacity 13196K, committed 13440K, reserved 1060864K
  class space    used 1234K, capacity 1365K, committed 1408K, reserved 1048576K
}
Event: 0.425 GC heap after
{Heap after GC invocations=1 (full 0):
 garbage-first heap   total 258048K, used 3912K [0x0000000705c00000, 0x0000000800000000)
  region size 1024K, 3 young (3072K), 3 survivors (3072K)
 Metaspace       used 12893K, capacity 13196K, committed 13440K, reserved 1060864K
  class space    used 1234K, capacity 1365K, committed 1408K, reserved 1048576K
}
Event: 0.974 GC heap before
{Heap before GC invocations=1 (full 0):
 garbage-first heap   total 258048K, used 39752K [0x0000000705c00000, 0x0000000800000000)
  region size 1024K, 39 young (39936K), 3 survivors (3072K)
 Metaspace       used 20714K, capacity 21149K, committed 21248K, reserved 1069056K
  class space    used 2053K, capacity 2258K, committed 2304K, reserved 1048576K
}
Event: 0.977 GC heap after
{Heap after GC invocations=2 (full 0):
 garbage-first heap   total 258048K, used 5009K [0x0000000705c00000, 0x0000000800000000)
  region size 1024K, 5 young (5120K), 5 survivors (5120K)
 Metaspace       used 20714K, capacity 21149K, committed 21248K, reserved 1069056K
  class space    used 2053K, capacity 2258K, committed 2304K, reserved 1048576K
}
Event: 3.858 GC heap before
{Heap before GC invocations=3 (full 0):
 garbage-first heap   total 258048K, used 53137K [0x0000000705c00000, 0x0000000800000000)
  region size 1024K, 51 young (52224K), 5 survivors (5120K)
 Metaspace       used 31201K, capacity 31727K, committed 31872K, reserved 1077248K
  class space    used 3206K, capacity 3449K, committed 3456K, reserved 1048576K
}
Event: 3.862 GC heap after
{Heap after GC invocations=4 (full 0):
 garbage-first heap   total 258048K, used 14346K [0x0000000705c00000, 0x0000000800000000)
  region size 1024K, 7 young (7168K), 7 survivors (7168K)
 Metaspace       used 31201K, capacity 31727K, committed 31872K, reserved 1077248K
  class space    used 3206K, capacity 3449K, committed 3456K, reserved 1048576K
}
Event: 14.623 GC heap before
{Heap before GC invocations=4 (full 0):
 garbage-first heap   total 258048K, used 231434K [0x0000000705c00000, 0x0000000800000000)
  region size 1024K, 151 young (154624K), 7 survivors (7168K)
 Metaspace       used 33140K, capacity 33699K, committed 33920K, reserved 1079296K
  class space    used 3432K, capacity 3678K, committed 3712K, reserved 1048576K
}
Event: 14.645 GC heap after
{Heap after GC invocations=5 (full 0):
 garbage-first heap   total 301056K, used 79611K [0x0000000705c00000, 0x0000000800000000)
  region size 1024K, 19 young (19456K), 19 survivors (19456K)
 Metaspace       used 33140K, capacity 33699K, committed 33920K, reserved 1079296K
  class space    used 3432K, capacity 3678K, committed 3712K, reserved 1048576K
}
Event: 14.906 GC heap before
{Heap before GC invocations=5 (full 0):
 garbage-first heap   total 301056K, used 115451K [0x0000000705c00000, 0x0000000800000000)
  region size 1024K, 54 young (55296K), 19 survivors (19456K)
 Metaspace       used 34307K, capacity 34840K, committed 35072K, reserved 1081344K
  class space    used 3477K, capacity 3743K, committed 3840K, reserved 1048576K
}
Event: 14.933 GC heap after
{Heap after GC invocations=6 (full 1):
 garbage-first heap   total 260096K, used 71471K [0x0000000705c00000, 0x0000000800000000)
  region size 1024K, 0 young (0K), 0 survivors (0K)
 Metaspace       used 34307K, capacity 34840K, committed 35072K, reserved 1081344K
  class space    used 3477K, capacity 3743K, committed 3840K, reserved 1048576K
}

