# JRE version: OpenJDK Runtime Environment Corretto-11.0.22.7.1 (11.0.22+7) (build 11.0.22+7-LTS)
# Java VM: OpenJDK 64-Bit Server VM Corretto-11.0.22.7.1 (11.0.22+7-LTS, mixed mode, tiered, compressed oops, g1 gc, windows-amd64)
Heap:
 garbage-first heap   total 270336K, used 75613K [0x0000000705c00000, 0x0000000800000000)
  region size 1024K, 2 young (2048K), 0 survivors (0K)
 Metaspace       used 34455K, capacity 35006K, committed 35200K, reserved 1081344K
  class space    used 3480K, capacity 3712K, committed 3712K, reserved 1048576K
GC Heap History (10 events):
Event: 0.385 GC heap before
{Heap before GC invocations=0 (full 0):
 garbage-first heap   total 258048K, used 24576K [0x0000000705c00000, 0x0000000800000000)
  region size 1024K, 24 young (24576K), 0 survivors (0K)
 Metaspace       used 12909K, capacity 13196K, committed 13440K, reserved 1060864K
  class space    used 1233K, capacity 1365K, committed 1408K, reserved 1048576K
}
Event: 0.387 GC heap after
{Heap after GC invocations=1 (full 0):
 garbage-first heap   total 258048K, used 4033K [0x0000000705c00000, 0x0000000800000000)
  region size 1024K, 3 young (3072K), 3 survivors (3072K)
 Metaspace       used 12909K, capacity 13196K, committed 13440K, reserved 1060864K
  class space    used 1233K, capacity 1365K, committed 1408K, reserved 1048576K
}
Event: 0.797 GC heap before
{Heap before GC invocations=1 (full 0):
 garbage-first heap   total 258048K, used 38849K [0x0000000705c00000, 0x0000000800000000)
  region size 1024K, 38 young (38912K), 3 survivors (3072K)
 Metaspace       used 20728K, capacity 21153K, committed 21248K, reserved 1069056K
  class space    used 2053K, capacity 2258K, committed 2304K, reserved 1048576K
}
Event: 0.799 GC heap after
{Heap after GC invocations=2 (full 0):
 garbage-first heap   total 258048K, used 5087K [0x0000000705c00000, 0x0000000800000000)
  region size 1024K, 5 young (5120K), 5 survivors (5120K)
 Metaspace       used 20728K, capacity 21153K, committed 21248K, reserved 1069056K
  class space    used 2053K, capacity 2258K, committed 2304K, reserved 1048576K
}
Event: 2.137 GC heap before
{Heap before GC invocations=3 (full 0):
 garbage-first heap   total 258048K, used 48095K [0x0000000705c00000, 0x0000000800000000)
  region size 1024K, 48 young (49152K), 5 survivors (5120K)
 Metaspace       used 31067K, capacity 31603K, committed 31872K, reserved 1077248K
  class space    used 3186K, capacity 3449K, committed 3456K, reserved 1048576K
}
Event: 2.141 GC heap after
{Heap after GC invocations=4 (full 0):
 garbage-first heap   total 258048K, used 9790K [0x0000000705c00000, 0x0000000800000000)
  region size 1024K, 6 young (6144K), 6 survivors (6144K)
 Metaspace       used 31067K, capacity 31603K, committed 31872K, reserved 1077248K
  class space    used 3186K, capacity 3449K, committed 3456K, reserved 1048576K
}
Event: 11.845 GC heap before
{Heap before GC invocations=4 (full 0):
 garbage-first heap   total 258048K, used 229950K [0x0000000705c00000, 0x0000000800000000)
  region size 1024K, 151 young (154624K), 6 survivors (6144K)
 Metaspace       used 33155K, capacity 33702K, committed 33920K, reserved 1079296K
  class space    used 3433K, capacity 3678K, committed 3712K, reserved 1048576K
}
Event: 11.864 GC heap after
{Heap after GC invocations=5 (full 0):
 garbage-first heap   total 300032K, used 78225K [0x0000000705c00000, 0x0000000800000000)
  region size 1024K, 19 young (19456K), 19 survivors (19456K)
 Metaspace       used 33155K, capacity 33702K, committed 33920K, reserved 1079296K
  class space    used 3433K, capacity 3678K, committed 3712K, reserved 1048576K
}
Event: 12.035 GC heap before
{Heap before GC invocations=5 (full 0):
 garbage-first heap   total 300032K, used 125329K [0x0000000705c00000, 0x0000000800000000)
  region size 1024K, 62 young (63488K), 19 survivors (19456K)
 Metaspace       used 34168K, capacity 34651K, committed 34944K, reserved 1081344K
  class space    used 3459K, capacity 3679K, committed 3712K, reserved 1048576K
}
Event: 12.057 GC heap after
{Heap after GC invocations=6 (full 1):
 garbage-first heap   total 270336K, used 74589K [0x0000000705c00000, 0x0000000800000000)
  region size 1024K, 0 young (0K), 0 survivors (0K)
 Metaspace       used 34168K, capacity 34651K, committed 34944K, reserved 1081344K
  class space    used 3459K, capacity 3679K, committed 3712K, reserved 1048576K
}

