# JRE version: OpenJDK Runtime Environment Corretto-11.0.22.7.1 (11.0.22+7) (build 11.0.22+7-LTS)
# Java VM: OpenJDK 64-Bit Server VM Corretto-11.0.22.7.1 (11.0.22+7-LTS, mixed mode, tiered, compressed oops, g1 gc, windows-amd64)
Heap:
 garbage-first heap   total 273408K, used 75570K [0x0000000705c00000, 0x0000000800000000)
  region size 1024K, 2 young (2048K), 0 survivors (0K)
 Metaspace       used 34453K, capacity 35006K, committed 35200K, reserved 1081344K
  class space    used 3480K, capacity 3712K, committed 3712K, reserved 1048576K
GC Heap History (10 events):
Event: 0.441 GC heap before
{Heap before GC invocations=0 (full 0):
 garbage-first heap   total 258048K, used 23552K [0x0000000705c00000, 0x0000000800000000)
  region size 1024K, 24 young (24576K), 0 survivors (0K)
 Metaspace       used 12792K, capacity 13089K, committed 13184K, reserved 1060864K
  class space    used 1213K, capacity 1348K, committed 1408K, reserved 1048576K
}
Event: 0.444 GC heap after
{Heap after GC invocations=1 (full 0):
 garbage-first heap   total 258048K, used 3884K [0x0000000705c00000, 0x0000000800000000)
  region size 1024K, 3 young (3072K), 3 survivors (3072K)
 Metaspace       used 12792K, capacity 13089K, committed 13184K, reserved 1060864K
  class space    used 1213K, capacity 1348K, committed 1408K, reserved 1048576K
}
Event: 0.839 GC heap before
{Heap before GC invocations=1 (full 0):
 garbage-first heap   total 258048K, used 38700K [0x0000000705c00000, 0x0000000800000000)
  region size 1024K, 38 young (38912K), 3 survivors (3072K)
 Metaspace       used 20734K, capacity 21153K, committed 21248K, reserved 1069056K
  class space    used 2053K, capacity 2258K, committed 2304K, reserved 1048576K
}
Event: 0.843 GC heap after
{Heap after GC invocations=2 (full 0):
 garbage-first heap   total 258048K, used 5098K [0x0000000705c00000, 0x0000000800000000)
  region size 1024K, 5 young (5120K), 5 survivors (5120K)
 Metaspace       used 20734K, capacity 21153K, committed 21248K, reserved 1069056K
  class space    used 2053K, capacity 2258K, committed 2304K, reserved 1048576K
}
Event: 1.824 GC heap before
{Heap before GC invocations=3 (full 0):
 garbage-first heap   total 258048K, used 47082K [0x0000000705c00000, 0x0000000800000000)
  region size 1024K, 47 young (48128K), 5 survivors (5120K)
 Metaspace       used 30988K, capacity 31507K, committed 31616K, reserved 1077248K
  class space    used 3180K, capacity 3417K, committed 3456K, reserved 1048576K
}
Event: 1.827 GC heap after
{Heap after GC invocations=4 (full 0):
 garbage-first heap   total 258048K, used 9375K [0x0000000705c00000, 0x0000000800000000)
  region size 1024K, 6 young (6144K), 6 survivors (6144K)
 Metaspace       used 30988K, capacity 31507K, committed 31616K, reserved 1077248K
  class space    used 3180K, capacity 3417K, committed 3456K, reserved 1048576K
}
Event: 11.697 GC heap before
{Heap before GC invocations=4 (full 0):
 garbage-first heap   total 258048K, used 203935K [0x0000000705c00000, 0x0000000800000000)
  region size 1024K, 148 young (151552K), 6 survivors (6144K)
 Metaspace       used 33153K, capacity 33702K, committed 33920K, reserved 1079296K
  class space    used 3433K, capacity 3678K, committed 3712K, reserved 1048576K
}
Event: 11.750 GC heap after
{Heap after GC invocations=5 (full 0):
 garbage-first heap   total 275456K, used 79468K [0x0000000705c00000, 0x0000000800000000)
  region size 1024K, 19 young (19456K), 19 survivors (19456K)
 Metaspace       used 33153K, capacity 33702K, committed 33920K, reserved 1079296K
  class space    used 3433K, capacity 3678K, committed 3712K, reserved 1048576K
}
Event: 12.525 GC heap before
{Heap before GC invocations=5 (full 0):
 garbage-first heap   total 275456K, used 123500K [0x0000000705c00000, 0x0000000800000000)
  region size 1024K, 59 young (60416K), 19 survivors (19456K)
 Metaspace       used 34162K, capacity 34651K, committed 34944K, reserved 1081344K
  class space    used 3459K, capacity 3679K, committed 3712K, reserved 1048576K
}
Event: 12.551 GC heap after
{Heap after GC invocations=6 (full 1):
 garbage-first heap   total 273408K, used 74546K [0x0000000705c00000, 0x0000000800000000)
  region size 1024K, 0 young (0K), 0 survivors (0K)
 Metaspace       used 34162K, capacity 34651K, committed 34944K, reserved 1081344K
  class space    used 3459K, capacity 3679K, committed 3712K, reserved 1048576K
}

